<?xml version="1.0" encoding="UTF-8"?>
<!-- Generated by org.testng.reporters.JUnitReportReporter -->
<testsuite hostname="Deepaks-MacBook-Air.local" failures="0" tests="1" name="apipakage.PutUser" time="2.908" errors="0" timestamp="2023-10-18T06:28:52 IST" skipped="0">
  <testcase classname="apipakage.PutUser" name="CreateUser_PostMethod" time="2.908"/>
  <system-out/>
</testsuite> <!-- apipakage.PutUser -->
