<?xml version="1.0" encoding="UTF-8"?>
<!-- Generated by org.testng.reporters.JUnitReportReporter -->
<testsuite skipped="0" hostname="deepakraja" name="testngpackage.TestNG_MultipleTestMethods" tests="5" failures="0" timestamp="2020-06-16T18:08:04 IST" time="0.065" errors="0">
  <testcase name="CTestMethod1" time="0.015" classname="testngpackage.TestNG_MultipleTestMethods"/>
  <testcase name="BTestMethod2" time="0.019" classname="testngpackage.TestNG_MultipleTestMethods"/>
  <testcase name="BTestMethod2" time="0.015" classname="testngpackage.TestNG_MultipleTestMethods"/>
  <testcase name="BTestMethod2" time="0.000" classname="testngpackage.TestNG_MultipleTestMethods"/>
  <testcase name="ATestMethod3" time="0.016" classname="testngpackage.TestNG_MultipleTestMethods"/>
</testsuite> <!-- testngpackage.TestNG_MultipleTestMethods -->
