<?xml version="1.0" encoding="UTF-8"?>
<!-- Generated by org.testng.reporters.JUnitReportReporter -->
<testsuite skipped="0" hostname="deepakraja" name="apipakage.TestNG_Example" tests="2" failures="0" timestamp="2020-06-14T13:45:57 IST" time="0.012" errors="0">
  <testcase name="f" time="0.004" classname="apipakage.TestNG_Example"/>
  <testcase name="f" time="0.008" classname="apipakage.TestNG_Example"/>
</testsuite> <!-- apipakage.TestNG_Example -->
