<?xml version="1.0" encoding="UTF-8"?>
<!-- Generated by org.testng.reporters.JUnitReportReporter -->
<testsuite hostname="Deepaks-MacBook-Air.local" failures="0" tests="1" name="apipakage.GetUserOnPage" time="3.857" errors="0" timestamp="2023-08-21T12:09:24 IST" skipped="0">
  <testcase classname="apipakage.GetUserOnPage" name="GetUser_OnePage" time="3.857"/>
  <system-out/>
</testsuite> <!-- apipakage.GetUserOnPage -->
