<?xml version="1.0" encoding="UTF-8"?>
<!-- Generated by org.testng.reporters.JUnitReportReporter -->
<testsuite hostname="Deepaks-MacBook-Air.local" failures="0" tests="1" name="apipakage.PostUser" time="2.990" errors="0" timestamp="2023-10-18T06:33:39 IST" skipped="0">
  <testcase classname="apipakage.PostUser" name="CreateUser_PostMethod" time="2.990"/>
  <system-out/>
</testsuite> <!-- apipakage.PostUser -->
