<?xml version="1.0" encoding="UTF-8"?>
<!-- Generated by org.testng.reporters.JUnitReportReporter -->
<testsuite skipped="0" hostname="deepakraja" name="testngpackage.TestNGClass" tests="3" failures="0" timestamp="2020-06-14T17:39:06 IST" time="0.071" errors="0">
  <testcase name="TestMethod3" time="0.006" classname="testngpackage.TestNGClass"/>
  <testcase name="TestMethod1" time="0.048" classname="testngpackage.TestNGClass"/>
  <testcase name="TestMethod2" time="0.017" classname="testngpackage.TestNGClass"/>
</testsuite> <!-- testngpackage.TestNGClass -->
