<?xml version="1.0" encoding="UTF-8"?>
<!-- Generated by org.testng.reporters.JUnitReportReporter -->
<testsuite skipped="0" hostname="deepakraja" name="apipakage.GetOneUser" tests="1" failures="0" timestamp="2020-09-13T01:10:24 IST" time="4.415" errors="0">
  <testcase name="GetOneUser_GetMethod" time="4.415" classname="apipakage.GetOneUser"/>
</testsuite> <!-- apipakage.GetOneUser -->
