<?xml version="1.0" encoding="UTF-8"?>
<!-- Generated by org.testng.reporters.JUnitReportReporter -->
<testsuite hostname="Deepaks-MacBook-Air.local" failures="0" tests="1" name="apipakage.GetOneUserWithPropFile" time="3.938" errors="0" timestamp="2023-09-24T22:52:28 IST" skipped="0">
  <testcase classname="apipakage.GetOneUserWithPropFile" name="GetOneUser_PropFile" time="3.938"/>
  <system-out/>
</testsuite> <!-- apipakage.GetOneUserWithPropFile -->
