<?xml version="1.0" encoding="UTF-8"?>
<!-- Generated by org.testng.reporters.JUnitReportReporter -->
<testsuite skipped="0" hostname="deepakraja" name="testngpackage.ClassOne" tests="1" failures="0" timestamp="2020-06-14T16:24:57 IST" time="0.031" errors="0">
  <testcase name="TestMethod" time="0.031" classname="testngpackage.ClassOne"/>
</testsuite> <!-- testngpackage.ClassOne -->
