<?xml version="1.0" encoding="UTF-8"?>
<!-- Generated by org.testng.reporters.JUnitReportReporter -->
<testsuite hostname="Deepaks-MacBook-Air.local" failures="0" tests="2" name="apipakage.PostReq" time="4.033" errors="0" timestamp="2023-11-21T12:54:14 IST" skipped="0">
  <testcase classname="apipakage.PostReq" name="testNegativeLogin" time="3.138"/>
  <testcase classname="apipakage.PostReq" name="testPositiveLogin" time="0.895"/>
</testsuite> <!-- apipakage.PostReq -->
