<?xml version="1.0" encoding="UTF-8"?>
<!-- Generated by org.testng.reporters.JUnitReportReporter -->
<testsuite skipped="0" hostname="deepakraja" name="testngpackage.TestNG_Example2" tests="2" failures="0" timestamp="2020-06-14T17:44:22 IST" time="0.025" errors="0">
  <testcase name="f" time="0.007" classname="testngpackage.TestNG_Example2"/>
  <testcase name="f" time="0.018" classname="testngpackage.TestNG_Example2"/>
</testsuite> <!-- testngpackage.TestNG_Example2 -->
