<?xml version="1.0" encoding="UTF-8"?>
<!-- Generated by org.testng.reporters.JUnitReportReporter -->
<testsuite skipped="0" hostname="deepakraja" name="testngpackage.TestNG_Example" tests="2" failures="0" timestamp="2020-06-14T13:49:49 IST" time="0.016" errors="0">
  <testcase name="f" time="0.000" classname="testngpackage.TestNG_Example"/>
  <testcase name="f" time="0.016" classname="testngpackage.TestNG_Example"/>
</testsuite> <!-- testngpackage.TestNG_Example -->
