<?xml version="1.0" encoding="UTF-8"?>
<!-- Generated by org.testng.reporters.JUnitReportReporter -->
<testsuite skipped="0" hostname="deepakraja" name="apipakage.DeleteUser" tests="1" failures="0" timestamp="2020-06-16T18:08:05 IST" time="8.835" errors="0">
  <testcase name="DeleteUser_DeleteMethod" time="8.835" classname="apipakage.DeleteUser"/>
</testsuite> <!-- apipakage.DeleteUser -->
