<?xml version="1.0" encoding="UTF-8"?>
<!-- Generated by org.testng.reporters.JUnitReportReporter -->
<testsuite hostname="Deepaks-MacBook-Air.local" failures="0" tests="2" name="apipakage.PostReq" time="3.376" errors="0" timestamp="2023-10-18T07:15:12 IST" skipped="0">
  <testcase classname="apipakage.PostReq" name="testNegativeLogin" time="2.797"/>
  <system-out/>
  <testcase classname="apipakage.PostReq" name="testPositiveLogin" time="0.579"/>
  <system-out/>
</testsuite> <!-- apipakage.PostReq -->
