<?xml version="1.0" encoding="UTF-8"?>
<!-- Generated by org.testng.reporters.JUnitReportReporter -->
<testsuite hostname="Deepaks-MacBook-Air.local" failures="0" tests="1" name="apipakage.CreateUser" time="3.954" errors="0" timestamp="2023-08-21T13:51:39 IST" skipped="0">
  <testcase classname="apipakage.CreateUser" name="CreateUser_PostMethod" time="3.954"/>
  <system-out/>
</testsuite> <!-- apipakage.CreateUser -->
