<?xml version="1.0" encoding="UTF-8"?>
<!-- Generated by org.testng.reporters.JUnitReportReporter -->
<testsuite hostname="Deepaks-MacBook-Air.local" failures="0" tests="2" name="apipakage.PostReq" time="4.254" errors="0" timestamp="2023-10-18T17:37:03 IST" skipped="0">
  <testcase classname="apipakage.PostReq" name="testPositiveLogin" time="0.809"/>
  <testcase classname="apipakage.PostReq" name="testNegativeLogin" time="3.445"/>
</testsuite> <!-- apipakage.PostReq -->
